<?xml version="1.0" encoding="UTF-8"?>
<testsuites>
  <testsuite name="/var/www/html/tests/phpunit.xml" tests="61" assertions="86" errors="0" failures="0" skipped="0" time="4.798940">
    <testsuite name="unit" tests="51" assertions="75" errors="0" failures="0" skipped="0" time="1.418954">
      <testsuite name="StratFlow\Tests\Unit\Core\CSRFTest" file="/var/www/html/tests/Unit/Core/CSRFTest.php" tests="9" assertions="11" errors="0" failures="0" skipped="0" time="0.533412">
        <testcase name="testGenerateTokenReturnsNonEmptyString" file="/var/www/html/tests/Unit/Core/CSRFTest.php" line="59" class="StratFlow\Tests\Unit\Core\CSRFTest" classname="StratFlow.Tests.Unit.Core.CSRFTest" assertions="1" time="0.499512"/>
        <testcase name="testGenerateTokenIs64HexChars" file="/var/www/html/tests/Unit/Core/CSRFTest.php" line="68" class="StratFlow\Tests\Unit\Core\CSRFTest" classname="StratFlow.Tests.Unit.Core.CSRFTest" assertions="2" time="0.014684"/>
        <testcase name="testGenerateTokenReturnsDifferentValuesEachCall" file="/var/www/html/tests/Unit/Core/CSRFTest.php" line="79" class="StratFlow\Tests\Unit\Core\CSRFTest" classname="StratFlow.Tests.Unit.Core.CSRFTest" assertions="1" time="0.000437"/>
        <testcase name="testValidateTokenReturnsTrueForCorrectToken" file="/var/www/html/tests/Unit/Core/CSRFTest.php" line="94" class="StratFlow\Tests\Unit\Core\CSRFTest" classname="StratFlow.Tests.Unit.Core.CSRFTest" assertions="1" time="0.010391"/>
        <testcase name="testValidateTokenReturnsFalseForWrongToken" file="/var/www/html/tests/Unit/Core/CSRFTest.php" line="103" class="StratFlow\Tests\Unit\Core\CSRFTest" classname="StratFlow.Tests.Unit.Core.CSRFTest" assertions="1" time="0.006931"/>
        <testcase name="testValidateTokenReturnsFalseForEmptyToken" file="/var/www/html/tests/Unit/Core/CSRFTest.php" line="112" class="StratFlow\Tests\Unit\Core\CSRFTest" classname="StratFlow.Tests.Unit.Core.CSRFTest" assertions="1" time="0.000435"/>
        <testcase name="testValidateTokenReturnsFalseWhenNoTokenGenerated" file="/var/www/html/tests/Unit/Core/CSRFTest.php" line="121" class="StratFlow\Tests\Unit\Core\CSRFTest" classname="StratFlow.Tests.Unit.Core.CSRFTest" assertions="1" time="0.000350"/>
        <testcase name="testGetTokenGeneratesTokenIfNoneExists" file="/var/www/html/tests/Unit/Core/CSRFTest.php" line="133" class="StratFlow\Tests\Unit\Core\CSRFTest" classname="StratFlow.Tests.Unit.Core.CSRFTest" assertions="2" time="0.000325"/>
        <testcase name="testGetTokenReturnsSameTokenOnSubsequentCalls" file="/var/www/html/tests/Unit/Core/CSRFTest.php" line="143" class="StratFlow\Tests\Unit\Core\CSRFTest" classname="StratFlow.Tests.Unit.Core.CSRFTest" assertions="1" time="0.000347"/>
      </testsuite>
      <testsuite name="StratFlow\Tests\Unit\Core\DatabaseTest" file="/var/www/html/tests/Unit/Core/DatabaseTest.php" tests="7" assertions="9" errors="0" failures="0" skipped="0" time="0.062607">
        <testcase name="testConnectionSucceeds" file="/var/www/html/tests/Unit/Core/DatabaseTest.php" line="35" class="StratFlow\Tests\Unit\Core\DatabaseTest" classname="StratFlow.Tests.Unit.Core.DatabaseTest" assertions="1" time="0.017074"/>
        <testcase name="testGetPdoReturnsPdoInstance" file="/var/www/html/tests/Unit/Core/DatabaseTest.php" line="44" class="StratFlow\Tests\Unit\Core\DatabaseTest" classname="StratFlow.Tests.Unit.Core.DatabaseTest" assertions="1" time="0.001635"/>
        <testcase name="testQueryReturnsStatement" file="/var/www/html/tests/Unit/Core/DatabaseTest.php" line="57" class="StratFlow\Tests\Unit\Core\DatabaseTest" classname="StratFlow.Tests.Unit.Core.DatabaseTest" assertions="1" time="0.002193"/>
        <testcase name="testQueryFetchesExpectedRow" file="/var/www/html/tests/Unit/Core/DatabaseTest.php" line="66" class="StratFlow\Tests\Unit\Core\DatabaseTest" classname="StratFlow.Tests.Unit.Core.DatabaseTest" assertions="2" time="0.009393"/>
        <testcase name="testQueryWithBoundParams" file="/var/www/html/tests/Unit/Core/DatabaseTest.php" line="76" class="StratFlow\Tests\Unit\Core\DatabaseTest" classname="StratFlow.Tests.Unit.Core.DatabaseTest" assertions="1" time="0.002466"/>
        <testcase name="testQueryAgainstRealTable" file="/var/www/html/tests/Unit/Core/DatabaseTest.php" line="85" class="StratFlow\Tests\Unit\Core\DatabaseTest" classname="StratFlow.Tests.Unit.Core.DatabaseTest" assertions="2" time="0.012178"/>
        <testcase name="testInvalidSqlThrowsException" file="/var/www/html/tests/Unit/Core/DatabaseTest.php" line="96" class="StratFlow\Tests\Unit\Core\DatabaseTest" classname="StratFlow.Tests.Unit.Core.DatabaseTest" assertions="1" time="0.017667"/>
      </testsuite>
      <testsuite name="StratFlow\Tests\Unit\Core\RouterTest" file="/var/www/html/tests/Unit/Core/RouterTest.php" tests="10" assertions="16" errors="0" failures="0" skipped="0" time="0.051092">
        <testcase name="testAddRegistersRoute" file="/var/www/html/tests/Unit/Core/RouterTest.php" line="69" class="StratFlow\Tests\Unit\Core\RouterTest" classname="StratFlow.Tests.Unit.Core.RouterTest" assertions="5" time="0.046441"/>
        <testcase name="testAddNormalisesMethodToUppercase" file="/var/www/html/tests/Unit/Core/RouterTest.php" line="84" class="StratFlow\Tests\Unit\Core\RouterTest" classname="StratFlow.Tests.Unit.Core.RouterTest" assertions="1" time="0.000554"/>
        <testcase name="testAddStoresMiddleware" file="/var/www/html/tests/Unit/Core/RouterTest.php" line="94" class="StratFlow\Tests\Unit\Core\RouterTest" classname="StratFlow.Tests.Unit.Core.RouterTest" assertions="1" time="0.000412"/>
        <testcase name="testMultipleRoutesAreAllRegistered" file="/var/www/html/tests/Unit/Core/RouterTest.php" line="104" class="StratFlow\Tests\Unit\Core\RouterTest" classname="StratFlow.Tests.Unit.Core.RouterTest" assertions="1" time="0.000430"/>
        <testcase name="testStaticPatternBecomesExactRegex" file="/var/www/html/tests/Unit/Core/RouterTest.php" line="119" class="StratFlow\Tests\Unit\Core\RouterTest" classname="StratFlow.Tests.Unit.Core.RouterTest" assertions="1" time="0.000599"/>
        <testcase name="testParamPlaceholderConvertsToNamedGroup" file="/var/www/html/tests/Unit/Core/RouterTest.php" line="128" class="StratFlow\Tests\Unit\Core\RouterTest" classname="StratFlow.Tests.Unit.Core.RouterTest" assertions="1" time="0.000484"/>
        <testcase name="testMultipleParamsConvert" file="/var/www/html/tests/Unit/Core/RouterTest.php" line="137" class="StratFlow\Tests\Unit\Core\RouterTest" classname="StratFlow.Tests.Unit.Core.RouterTest" assertions="2" time="0.000639"/>
        <testcase name="testRegexMatchesConcreteUri" file="/var/www/html/tests/Unit/Core/RouterTest.php" line="147" class="StratFlow\Tests\Unit\Core\RouterTest" classname="StratFlow.Tests.Unit.Core.RouterTest" assertions="2" time="0.000519"/>
        <testcase name="testRegexDoesNotMatchDeeperPath" file="/var/www/html/tests/Unit/Core/RouterTest.php" line="157" class="StratFlow\Tests\Unit\Core\RouterTest" classname="StratFlow.Tests.Unit.Core.RouterTest" assertions="1" time="0.000436"/>
        <testcase name="testRootPatternMatchesRoot" file="/var/www/html/tests/Unit/Core/RouterTest.php" line="166" class="StratFlow\Tests\Unit\Core\RouterTest" classname="StratFlow.Tests.Unit.Core.RouterTest" assertions="1" time="0.000577"/>
      </testsuite>
      <testsuite name="StratFlow\Tests\Unit\Models\HLWorkItemTest" file="/var/www/html/tests/Unit/Models/HLWorkItemTest.php" tests="11" assertions="19" errors="0" failures="0" skipped="0" time="0.111557">
        <testcase name="testCreateReturnsPositiveId" file="/var/www/html/tests/Unit/Models/HLWorkItemTest.php" line="95" class="StratFlow\Tests\Unit\Models\HLWorkItemTest" classname="StratFlow.Tests.Unit.Models.HLWorkItemTest" assertions="1" time="0.019929"/>
        <testcase name="testCreatedItemCanBeFoundById" file="/var/www/html/tests/Unit/Models/HLWorkItemTest.php" line="107" class="StratFlow\Tests\Unit\Models\HLWorkItemTest" classname="StratFlow.Tests.Unit.Models.HLWorkItemTest" assertions="3" time="0.013689"/>
        <testcase name="testCreateWithOptionalFieldsStoredCorrectly" file="/var/www/html/tests/Unit/Models/HLWorkItemTest.php" line="124" class="StratFlow\Tests\Unit\Models\HLWorkItemTest" classname="StratFlow.Tests.Unit.Models.HLWorkItemTest" assertions="4" time="0.009555"/>
        <testcase name="testFindByIdReturnsNullForMissingRecord" file="/var/www/html/tests/Unit/Models/HLWorkItemTest.php" line="149" class="StratFlow\Tests\Unit\Models\HLWorkItemTest" classname="StratFlow.Tests.Unit.Models.HLWorkItemTest" assertions="1" time="0.001591"/>
        <testcase name="testFindByProjectIdReturnsAllItems" file="/var/www/html/tests/Unit/Models/HLWorkItemTest.php" line="156" class="StratFlow\Tests\Unit\Models\HLWorkItemTest" classname="StratFlow.Tests.Unit.Models.HLWorkItemTest" assertions="1" time="0.013117"/>
        <testcase name="testFindByProjectIdOrdersByPriority" file="/var/www/html/tests/Unit/Models/HLWorkItemTest.php" line="168" class="StratFlow\Tests\Unit\Models\HLWorkItemTest" classname="StratFlow.Tests.Unit.Models.HLWorkItemTest" assertions="3" time="0.013035"/>
        <testcase name="testFindByProjectIdReturnsEmptyForUnknownProject" file="/var/www/html/tests/Unit/Models/HLWorkItemTest.php" line="182" class="StratFlow\Tests\Unit\Models\HLWorkItemTest" classname="StratFlow.Tests.Unit.Models.HLWorkItemTest" assertions="1" time="0.001440"/>
        <testcase name="testUpdateChangesTitle" file="/var/www/html/tests/Unit/Models/HLWorkItemTest.php" line="193" class="StratFlow\Tests\Unit\Models\HLWorkItemTest" classname="StratFlow.Tests.Unit.Models.HLWorkItemTest" assertions="1" time="0.010895"/>
        <testcase name="testUpdateMultipleColumns" file="/var/www/html/tests/Unit/Models/HLWorkItemTest.php" line="208" class="StratFlow\Tests\Unit\Models\HLWorkItemTest" classname="StratFlow.Tests.Unit.Models.HLWorkItemTest" assertions="2" time="0.010355"/>
        <testcase name="testDeleteRemovesSingleItem" file="/var/www/html/tests/Unit/Models/HLWorkItemTest.php" line="229" class="StratFlow\Tests\Unit\Models\HLWorkItemTest" classname="StratFlow.Tests.Unit.Models.HLWorkItemTest" assertions="1" time="0.007699"/>
        <testcase name="testDeleteByProjectIdRemovesAllItems" file="/var/www/html/tests/Unit/Models/HLWorkItemTest.php" line="243" class="StratFlow\Tests\Unit\Models\HLWorkItemTest" classname="StratFlow.Tests.Unit.Models.HLWorkItemTest" assertions="1" time="0.010254"/>
      </testsuite>
      <testsuite name="StratFlow\Tests\Unit\Services\FileProcessorTest" file="/var/www/html/tests/Unit/Services/FileProcessorTest.php" tests="10" assertions="16" errors="0" failures="0" skipped="0" time="0.020311">
        <testcase name="testValidTxtFilePasses" file="/var/www/html/tests/Unit/Services/FileProcessorTest.php" line="70" class="StratFlow\Tests\Unit\Services\FileProcessorTest" classname="StratFlow.Tests.Unit.Services.FileProcessorTest" assertions="2" time="0.006618"/>
        <testcase name="testValidPdfFilePasses" file="/var/www/html/tests/Unit/Services/FileProcessorTest.php" line="80" class="StratFlow\Tests\Unit\Services\FileProcessorTest" classname="StratFlow.Tests.Unit.Services.FileProcessorTest" assertions="1" time="0.000278"/>
        <testcase name="testValidDocxFilePasses" file="/var/www/html/tests/Unit/Services/FileProcessorTest.php" line="89" class="StratFlow\Tests\Unit\Services\FileProcessorTest" classname="StratFlow.Tests.Unit.Services.FileProcessorTest" assertions="1" time="0.000261"/>
        <testcase name="testDisallowedExtensionFails" file="/var/www/html/tests/Unit/Services/FileProcessorTest.php" line="106" class="StratFlow\Tests\Unit\Services\FileProcessorTest" classname="StratFlow.Tests.Unit.Services.FileProcessorTest" assertions="2" time="0.006509"/>
        <testcase name="testOversizedFileFails" file="/var/www/html/tests/Unit/Services/FileProcessorTest.php" line="116" class="StratFlow\Tests\Unit\Services\FileProcessorTest" classname="StratFlow.Tests.Unit.Services.FileProcessorTest" assertions="2" time="0.000293"/>
        <testcase name="testUploadErrorCodeFails" file="/var/www/html/tests/Unit/Services/FileProcessorTest.php" line="126" class="StratFlow\Tests\Unit\Services\FileProcessorTest" classname="StratFlow.Tests.Unit.Services.FileProcessorTest" assertions="2" time="0.000275"/>
        <testcase name="testDisallowedMimeTypeFails" file="/var/www/html/tests/Unit/Services/FileProcessorTest.php" line="136" class="StratFlow\Tests\Unit\Services\FileProcessorTest" classname="StratFlow.Tests.Unit.Services.FileProcessorTest" assertions="2" time="0.000276"/>
        <testcase name="testExtractTextFromTxtFixture" file="/var/www/html/tests/Unit/Services/FileProcessorTest.php" line="151" class="StratFlow\Tests\Unit\Services\FileProcessorTest" classname="StratFlow.Tests.Unit.Services.FileProcessorTest" assertions="2" time="0.005277"/>
        <testcase name="testExtractTextReturnsEmptyForUnknownMime" file="/var/www/html/tests/Unit/Services/FileProcessorTest.php" line="161" class="StratFlow\Tests\Unit\Services\FileProcessorTest" classname="StratFlow.Tests.Unit.Services.FileProcessorTest" assertions="1" time="0.000276"/>
        <testcase name="testExtractTextForBinaryDocReturnsUnsupportedMessage" file="/var/www/html/tests/Unit/Services/FileProcessorTest.php" line="170" class="StratFlow\Tests\Unit\Services\FileProcessorTest" classname="StratFlow.Tests.Unit.Services.FileProcessorTest" assertions="1" time="0.000248"/>
      </testsuite>
      <testsuite name="StratFlow\Tests\Unit\Services\GeminiServiceTest" file="/var/www/html/tests/Unit/Services/GeminiServiceTest.php" tests="4" assertions="4" errors="0" failures="0" skipped="0" time="0.639976">
        <testcase name="testServiceCanBeInstantiated" file="/var/www/html/tests/Unit/Services/GeminiServiceTest.php" line="39" class="StratFlow\Tests\Unit\Services\GeminiServiceTest" classname="StratFlow.Tests.Unit.Services.GeminiServiceTest" assertions="1" time="0.004913"/>
        <testcase name="testServiceCanBeInstantiatedWithDifferentModels" file="/var/www/html/tests/Unit/Services/GeminiServiceTest.php" line="46" class="StratFlow\Tests\Unit\Services\GeminiServiceTest" classname="StratFlow.Tests.Unit.Services.GeminiServiceTest" assertions="1" time="0.000236"/>
        <testcase name="testGenerateThrowsOnInvalidApiKey" file="/var/www/html/tests/Unit/Services/GeminiServiceTest.php" line="67" class="StratFlow\Tests\Unit\Services\GeminiServiceTest" classname="StratFlow.Tests.Unit.Services.GeminiServiceTest" assertions="1" time="0.318935"/>
        <testcase name="testGenerateJsonThrowsOnInvalidApiKey" file="/var/www/html/tests/Unit/Services/GeminiServiceTest.php" line="79" class="StratFlow\Tests\Unit\Services\GeminiServiceTest" classname="StratFlow.Tests.Unit.Services.GeminiServiceTest" assertions="1" time="0.315892"/>
      </testsuite>
    </testsuite>
    <testsuite name="integration" tests="10" assertions="11" errors="0" failures="0" skipped="0" time="3.379986">
      <testsuite name="StratFlow\Tests\Integration\AuthFlowTest" file="/var/www/html/tests/Integration/AuthFlowTest.php" tests="10" assertions="11" errors="0" failures="0" skipped="0" time="3.379986">
        <testcase name="testCorrectCredentialsReturnsTrue" file="/var/www/html/tests/Integration/AuthFlowTest.php" line="128" class="StratFlow\Tests\Integration\AuthFlowTest" classname="StratFlow.Tests.Integration.AuthFlowTest" assertions="1" time="0.427652"/>
        <testcase name="testAfterSuccessfulLoginUserIsAuthenticated" file="/var/www/html/tests/Integration/AuthFlowTest.php" line="135" class="StratFlow\Tests\Integration\AuthFlowTest" classname="StratFlow.Tests.Integration.AuthFlowTest" assertions="1" time="0.422619"/>
        <testcase name="testAuthenticatedUserHasCorrectEmail" file="/var/www/html/tests/Integration/AuthFlowTest.php" line="142" class="StratFlow\Tests\Integration\AuthFlowTest" classname="StratFlow.Tests.Integration.AuthFlowTest" assertions="1" time="0.407452"/>
        <testcase name="testWrongPasswordReturnsFalse" file="/var/www/html/tests/Integration/AuthFlowTest.php" line="155" class="StratFlow\Tests\Integration\AuthFlowTest" classname="StratFlow.Tests.Integration.AuthFlowTest" assertions="1" time="0.407925"/>
        <testcase name="testNonExistentUserReturnsFalse" file="/var/www/html/tests/Integration/AuthFlowTest.php" line="162" class="StratFlow\Tests\Integration\AuthFlowTest" classname="StratFlow.Tests.Integration.AuthFlowTest" assertions="1" time="0.216223"/>
        <testcase name="testFailedLoginDoesNotSetSession" file="/var/www/html/tests/Integration/AuthFlowTest.php" line="169" class="StratFlow\Tests\Integration\AuthFlowTest" classname="StratFlow.Tests.Integration.AuthFlowTest" assertions="1" time="0.412463"/>
        <testcase name="testFreshIpIsNotRateLimited" file="/var/www/html/tests/Integration/AuthFlowTest.php" line="180" class="StratFlow\Tests\Integration\AuthFlowTest" classname="StratFlow.Tests.Integration.AuthFlowTest" assertions="1" time="0.217829"/>
        <testcase name="testIpIsRateLimitedAfterFiveFailures" file="/var/www/html/tests/Integration/AuthFlowTest.php" line="186" class="StratFlow\Tests\Integration\AuthFlowTest" classname="StratFlow.Tests.Integration.AuthFlowTest" assertions="1" time="0.231924"/>
        <testcase name="testFourFailuresDoNotTriggerRateLimit" file="/var/www/html/tests/Integration/AuthFlowTest.php" line="196" class="StratFlow\Tests\Integration\AuthFlowTest" classname="StratFlow.Tests.Integration.AuthFlowTest" assertions="1" time="0.231523"/>
        <testcase name="testLogoutClearsAuthState" file="/var/www/html/tests/Integration/AuthFlowTest.php" line="210" class="StratFlow\Tests\Integration\AuthFlowTest" classname="StratFlow.Tests.Integration.AuthFlowTest" assertions="2" time="0.404377"/>
      </testsuite>
    </testsuite>
  </testsuite>
</testsuites>
